2026-02-06 11:27:35,479 | INFO | app.services.bdex_service | Requesting BDEX token
2026-02-06 11:27:36,282 | INFO | app.services.bdex_service | Get token success
2026-02-06 11:27:36,283 | INFO | app.services.bdex_service | CreateJob API response status=200 body={'status': {'code': '1000', 'description': 'Success'}, 'data': {'accessToken': '622-7B60Uwl-qzX2fL983872113v40QB72c54h2-fgv5Q82729eZ3v0SV61xIh4M61W-KHG0p818AzZr', 'tokenType': 'Bearer', 'expiresIn': '1800', 'expiresAt': '1770375455'}}
2026-02-06 11:27:37,766 | INFO | app.services.bdex_service | Requesting BDEX token
2026-02-06 11:27:38,451 | INFO | app.services.bdex_service | Get token success
2026-02-06 11:27:38,451 | INFO | app.services.bdex_service | CreateJob API response status=200 body={'status': {'code': '1000', 'description': 'Success'}, 'data': {'accessToken': 'sX3-iG4H3KiUYb0Q-4Z4GU63nr17r950JB43lG5u462Eyt20536257Q57206999Z-3X7jo3sTk9g-x4u', 'tokenType': 'Bearer', 'expiresIn': '1800', 'expiresAt': '1770375458'}}
2026-02-06 11:28:06,340 | INFO | app.services.bdex_service | Requesting BDEX token
2026-02-06 11:28:06,646 | INFO | app.services.bdex_service | Get token success
2026-02-06 11:28:06,646 | INFO | app.services.bdex_service | CreateJob API response status=200 body={'status': {'code': '1000', 'description': 'Success'}, 'data': {'accessToken': '32VQ83lL568T5iGwe2biecg46f8N7A-0av31EM2hN2M89Yf6Y14b-7H743q360a48-5OG8EyN04-3499', 'tokenType': 'Bearer', 'expiresIn': '1800', 'expiresAt': '1770375486'}}
2026-02-06 11:28:07,841 | INFO | app.services.bdex_service | CreateJob API response status=200 body={'status': {'code': '1000', 'description': 'Success'}, 'data': {'OrganizationJuristicID': '5', 'JobID': 'SHL20260206112807.439', 'CallbackURL': 'https://your-system.com/callback'}}
2026-02-06 11:31:57,747 | INFO | app.services.bdex_service | Requesting BDEX token
2026-02-06 11:31:58,040 | INFO | app.services.bdex_service | Get token success
2026-02-06 11:31:58,040 | INFO | app.services.bdex_service | CreateJob API response status=200 body={'status': {'code': '1000', 'description': 'Success'}, 'data': {'accessToken': 'rVrr1a4q3GC07pa1W464nN21645h44-A77-9VHCsyC8Es8y4ueAM5E60u4-00y3-KP4648500CH1b814', 'tokenType': 'Bearer', 'expiresIn': '1800', 'expiresAt': '1770375717'}}
2026-02-06 11:31:59,122 | INFO | app.services.bdex_service | CreateJob API response status=200 requests= OrganizationJuristicID=eeeee, CallbackURL=https://your-system.com/callback body={'status': {'code': '1000', 'description': 'Success'}, 'data': {'OrganizationJuristicID': 'eeeee', 'JobID': 'SHL20260206113158.794', 'CallbackURL': 'https://your-system.com/callback'}}
2026-02-06 11:33:52,893 | INFO | app.services.bdex_service | Requesting BDEX token
2026-02-06 11:33:53,094 | INFO | app.services.bdex_service | Get token success
2026-02-06 11:33:53,094 | INFO | app.services.bdex_service | CreateJob API response status=200 body={'status': '', 'data': {}}
2026-02-06 11:34:24,792 | INFO | app.services.bdex_service | Requesting BDEX token
2026-02-06 11:34:24,931 | INFO | app.services.bdex_service | Get token success
2026-02-06 11:34:24,931 | INFO | app.services.bdex_service | CreateJob API response status=200 body={'status': '', 'data': {}}
2026-02-06 11:34:24,931 | ERROR | app.services.bdex_service | CreateJob Unknown error: 'tokenType'
Traceback (most recent call last):
  File "D:\New folder\DBD_Python\BackEnd\app\services\bdex_service.py", line 76, in create_shareholder_image_job
    "Authorization": f"{token['tokenType']} {token['accessToken']}",
                        ~~~~~^^^^^^^^^^^^^
KeyError: 'tokenType'
2026-02-06 13:03:04,363 | INFO | app.services.bdex_service | Requesting BDEX token
2026-02-06 13:03:04,814 | INFO | app.services.bdex_service | Get token success
2026-02-06 13:03:04,814 | INFO | app.services.bdex_service | CreateJob API response status=200 body={'status': {'code': '1000', 'description': 'Success'}, 'data': {'accessToken': '7S-395kM7-697oy1tR8lEIR47w-1LQ3-36692HSEmWi867t5C4u3f14d770BN8uLyM46o99i507i5O8j', 'tokenType': 'Bearer', 'expiresIn': '1800', 'expiresAt': '1770381184'}}
