2026-02-16 11:24:02,167 | INFO | app.services.InquirySHL_service | Start save_data
2026-02-16 11:24:02,959 | INFO | app.services.InquirySHL_service | Load mock BDEX data success
2026-02-16 11:24:02,959 | INFO | app.services.InquirySHL_service | Processing file: 0107561000013SHLJOB00120260121084952020.pdf
2026-02-16 11:24:03,741 | INFO | app.services.pdf_service | Save PDF success: D:\download\0107561000013_20260216112403.pdf
2026-02-16 11:24:03,744 | INFO | app.services.InquirySHL_service | Save file success: D:\download\0107561000013_20260216112403.pdf
2026-02-16 11:24:03,744 | INFO | app.services.InquirySHL_service | Finish save_data, total_saved=1
2026-02-16 11:52:06,688 | INFO | app.services.bdex_service | Requesting BDEX token
2026-02-16 11:52:07,167 | INFO | app.services.bdex_service | Get token success
2026-02-16 11:52:07,167 | INFO | app.services.bdex_service | CreateJob API response status=200 body={'status': {'code': '1000', 'description': 'Success'}, 'data': {'accessToken': 'Ci27G85Ha906l6-57uH2As9CrcG3K2-Rd247I5E101LGg6785E-5T-i9Z4xWy08n1wkmp219072Gz097', 'tokenType': 'Bearer', 'expiresIn': '1800', 'expiresAt': '1771240927'}}
2026-02-16 11:52:14,916 | INFO | app.services.InquirySHL_service | Start save_data
2026-02-16 11:52:15,652 | INFO | app.services.InquirySHL_service | Load mock BDEX data success
2026-02-16 11:52:15,652 | INFO | app.services.InquirySHL_service | Processing file: 0107561000013SHLJOB00120260121084952020.pdf
2026-02-16 11:52:16,378 | INFO | app.services.pdf_service | Save PDF success: D:\download\0107561000013_20260216115216.pdf
2026-02-16 11:52:16,382 | INFO | app.services.InquirySHL_service | Save file success: D:\download\0107561000013_20260216115216.pdf
2026-02-16 11:52:16,382 | INFO | app.services.InquirySHL_service | Finish save_data, total_saved=1
2026-02-16 11:52:37,419 | ERROR | app.services.email_service | Send email failed: [WinError 10060] A connection attempt failed because the connected party did not properly respond after a period of time, or established connection failed because connected host has failed to respond
Traceback (most recent call last):
  File "D:\New folder\DBD_Python\BackEnd\app\services\email_service.py", line 23, in send_email
    server = smtplib.SMTP(SMTP_SERVER, SMTP_PORT)
             ^^^^^^^^^^^^^^^^^^^^^^^^^^^^^^^^^^^^
  File "C:\Users\pittayaj\AppData\Local\Programs\Python\Python311\Lib\smtplib.py", line 255, in __init__
    (code, msg) = self.connect(host, port)
                  ^^^^^^^^^^^^^^^^^^^^^^^^
  File "C:\Users\pittayaj\AppData\Local\Programs\Python\Python311\Lib\smtplib.py", line 341, in connect
    self.sock = self._get_socket(host, port, self.timeout)
                ^^^^^^^^^^^^^^^^^^^^^^^^^^^^^^^^^^^^^^^^^^
  File "C:\Users\pittayaj\AppData\Local\Programs\Python\Python311\Lib\smtplib.py", line 312, in _get_socket
    return socket.create_connection((host, port), timeout,
           ^^^^^^^^^^^^^^^^^^^^^^^^^^^^^^^^^^^^^^^^^^^^^^^
  File "C:\Users\pittayaj\AppData\Local\Programs\Python\Python311\Lib\socket.py", line 850, in create_connection
    raise exceptions[0]
  File "C:\Users\pittayaj\AppData\Local\Programs\Python\Python311\Lib\socket.py", line 835, in create_connection
    sock.connect(sa)
TimeoutError: [WinError 10060] A connection attempt failed because the connected party did not properly respond after a period of time, or established connection failed because connected host has failed to respond
2026-02-16 11:57:11,415 | INFO | app.services.InquirySHL_service | Start save_data
2026-02-16 11:57:12,091 | INFO | app.services.InquirySHL_service | Load mock BDEX data success
2026-02-16 11:57:12,091 | INFO | app.services.InquirySHL_service | Processing file: 0107561000013SHLJOB00120260121084952020.pdf
2026-02-16 11:57:12,827 | INFO | app.services.pdf_service | Save PDF success: D:\download\0107561000013_20260216115712.pdf
2026-02-16 11:57:12,833 | INFO | app.services.InquirySHL_service | Save file success: D:\download\0107561000013_20260216115712.pdf
2026-02-16 11:57:12,833 | INFO | app.services.InquirySHL_service | Finish save_data, total_saved=1
2026-02-16 11:57:33,894 | ERROR | app.services.email_service | Send email failed: [WinError 10060] A connection attempt failed because the connected party did not properly respond after a period of time, or established connection failed because connected host has failed to respond
Traceback (most recent call last):
  File "D:\New folder\DBD_Python\BackEnd\app\services\email_service.py", line 23, in send_email
    server = smtplib.SMTP(SMTP_SERVER, SMTP_PORT)
             ^^^^^^^^^^^^^^^^^^^^^^^^^^^^^^^^^^^^
  File "C:\Users\pittayaj\AppData\Local\Programs\Python\Python311\Lib\smtplib.py", line 255, in __init__
    (code, msg) = self.connect(host, port)
                  ^^^^^^^^^^^^^^^^^^^^^^^^
  File "C:\Users\pittayaj\AppData\Local\Programs\Python\Python311\Lib\smtplib.py", line 341, in connect
    self.sock = self._get_socket(host, port, self.timeout)
                ^^^^^^^^^^^^^^^^^^^^^^^^^^^^^^^^^^^^^^^^^^
  File "C:\Users\pittayaj\AppData\Local\Programs\Python\Python311\Lib\smtplib.py", line 312, in _get_socket
    return socket.create_connection((host, port), timeout,
           ^^^^^^^^^^^^^^^^^^^^^^^^^^^^^^^^^^^^^^^^^^^^^^^
  File "C:\Users\pittayaj\AppData\Local\Programs\Python\Python311\Lib\socket.py", line 850, in create_connection
    raise exceptions[0]
  File "C:\Users\pittayaj\AppData\Local\Programs\Python\Python311\Lib\socket.py", line 835, in create_connection
    sock.connect(sa)
TimeoutError: [WinError 10060] A connection attempt failed because the connected party did not properly respond after a period of time, or established connection failed because connected host has failed to respond
